<?xml version="1.0" encoding="UTF-8"?>
<!-- Generated by org.testng.reporters.JUnitXMLReporter -->
<testsuite ignored="2" hostname="DESKTOP-OLQP3VH" failures="0" tests="1" name="Default test" time="8.179" errors="0" timestamp="05 Oct 2020 12:15:01 GMT">
  <testcase classname="com.pom.prac.tests.DropDownTest" name="verifyThatTheFromAndToIsSelectingCorrectly" time="8.124"/>
  <testcase classname="com.pom.prac.tests.DropDownTest" name="verifyThatTheALandingPageIsNavigatingCorrectly" time="0.0">
    <ignored/>
  </testcase> <!-- verifyThatTheALandingPageIsNavigatingCorrectly -->
  <testcase classname="com.pom.prac.tests.DropDownTest" name="averifyadeals" time="0.0">
    <ignored/>
  </testcase> <!-- averifyadeals -->
</testsuite> <!-- Default test -->
