<?xml version="1.0" encoding="UTF-8"?>
<!-- Generated by org.testng.reporters.JUnitXMLReporter -->
<testsuite ignored="0" hostname="DESKTOP-OLQP3VH" failures="1" tests="1" name="Test" time="5.224" errors="0" timestamp="08 Sep 2020 10:52:39 GMT">
  <testcase classname="com.pom.prac.tests.LoginTest" name="loginTest" time="5.17">
    <failure type="java.lang.NullPointerException">
      <![CDATA[java.lang.NullPointerException
at com.pom.prac.tests.LoginTest.loginTest(LoginTest.java:19)
... Removed 25 stack frames]]>
    </failure>
  </testcase> <!-- loginTest -->
</testsuite> <!-- Test -->
