<?xml version="1.0" encoding="UTF-8"?>
<testng-results ignored="2" total="3" passed="1" failed="0" skipped="0">
  <reporter-output>
  </reporter-output>
  <suite started-at="2020-10-05T12:14:52Z" name="Default suite" finished-at="2020-10-05T12:15:00Z" duration-ms="8179">
    <groups>
    </groups>
    <test started-at="2020-10-05T12:14:52Z" name="Default test" finished-at="2020-10-05T12:15:00Z" duration-ms="8179">
      <class name="com.pom.prac.tests.DropDownTest">
        <test-method signature="verifyThatTheFromAndToIsSelectingCorrectly()[pri:0, instance:com.pom.prac.tests.DropDownTest@3bd7f8dc]" started-at="2020-10-05T12:14:52Z" name="verifyThatTheFromAndToIsSelectingCorrectly" finished-at="2020-10-05T12:15:00Z" duration-ms="8124" status="PASS">
          <reporter-output>
          </reporter-output>
        </test-method> <!-- verifyThatTheFromAndToIsSelectingCorrectly -->
      </class> <!-- com.pom.prac.tests.DropDownTest -->
    </test> <!-- Default test -->
  </suite> <!-- Default suite -->
</testng-results>
